1                                                          The SAS System                               16:06 Tuesday, July 26, 2016

NOTE: Copyright (c) 2002-2012 by SAS Institute Inc., Cary, NC, USA. 
NOTE: SAS (r) Proprietary Software 9.4 (TS1M3 MBCS3170) 
      Licensed to Van der Vorst Arnaud-E33271, Site 70068118.
NOTE: This session is executing on the Linux 3.10.0-327.22.2.el7.x86_64 (LIN X64) platform.



NOTE: Updated analytical products:
      
      SAS/STAT 14.1
      SAS/ETS 14.1
      SAS/OR 14.1
      SAS/IML 14.1
      SAS/QC 14.1

NOTE: Additional host information:

 Linux LIN X64 3.10.0-327.22.2.el7.x86_64 #1 SMP Thu Jun 23 17:05:11 UTC 2016 x86_64 CentOS Linux release 7.2.1511 (Core)  

You are running SAS 9. Some SAS 8 files will be automatically converted 
by the V9 engine; others are incompatible.  Please see 
http://support.sas.com/rnd/migration/planning/platform/64bit.html

PROC MIGRATE will preserve current SAS file attributes and is 
recommended for converting all your SAS libraries from any 
SAS 8 release to SAS 9.  For details and examples, please see
http://support.sas.com/rnd/migration/index.html


This message is contained in the SAS news file, and is presented upon
initialization.  Edit the file "news" in the "misc/base" directory to
display site-specific news and information in the program log.
The command line option "-nonews" will prevent this display.




NOTE: SAS initialization used:
      real time           0.01 seconds
      cpu time            0.03 seconds
      
1          *;
2          libname mysas "/tmp/viya/";
NOTE: Libref MYSAS was successfully assigned as follows: 
      Engine:        V9 
      Physical Name: /tmp/viya
3          libname myownsas "/tmp/v94/";
NOTE: Libref MYOWNSAS was successfully assigned as follows: 
      Engine:        V9 
      Physical Name: /tmp/v94
4          *;
5          
6          /* Measure real time */
7          options fullstimer;
8          %let t = %sysfunc(datetime());
9          
10         /* Sort matm2 by ts_be */
11         proc sort data=mysas.matm2(keep=ts_be ts_ei cl_n dch_n bew_vn k_tstmat a_dch dl_n_lei dl_n_leu ln_pr
2                                                          The SAS System                               16:06 Tuesday, July 26, 2016

12         		where=(a_dch=0 and ln_pr='SKP1'))
13         		/* where=((dl_n_lei = dl_n_leu) and ln_pr='SKP1') */
14         		out=myownsas.matm2(drop=a_dch ln_pr dl_n_lei dl_n_leu); /* All unique, cf. 0005AreMATm2KeysUnique.sas */
15         	by ts_be ts_ei; /* The coils should have been processed in a non-overlapping way, so actually, ts_ei is obsolete here.
15       ! */
16         run;

NOTE: There were 33859 observations read from the data set MYSAS.MATM2.
      WHERE (a_dch=0) and (ln_pr='SKP1');
NOTE: The data set MYOWNSAS.MATM2 has 33859 observations and 6 variables.
NOTE: PROCEDURE SORT used (Total process time):
      real time           0.07 seconds
      user cpu time       0.03 seconds
      system cpu time     0.05 seconds
      memory              5869.15k
      OS Memory           12988.00k
      Timestamp           26/07/2016 04:06:08 PM
      Step Count                        1  Switch Count  0
      Page Faults                       0
      Page Reclaims                     1646
      Page Swaps                        0
      Voluntary Context Switches        0
      Involuntary Context Switches      0
      Block Input Operations            0
      Block Output Operations           3864
      

17         
18         /* Concatenate all skp1_pv* data sets */
19         data myownsas.skp1_pv_all;
20         	set mysas.skp1_pv_2015q1 mysas.skp1_pv_2015q2 mysas.skp1_pv_2015q3 mysas.skp1_pv_2015q4 mysas.skp1_pv;
21         run;

NOTE: There were 1453545 observations read from the data set MYSAS.SKP1_PV_2015Q1.
NOTE: There were 1412235 observations read from the data set MYSAS.SKP1_PV_2015Q2.
NOTE: There were 1529264 observations read from the data set MYSAS.SKP1_PV_2015Q3.
NOTE: There were 1545352 observations read from the data set MYSAS.SKP1_PV_2015Q4.
NOTE: There were 3241116 observations read from the data set MYSAS.SKP1_PV.
NOTE: The data set MYOWNSAS.SKP1_PV_ALL has 9181512 observations and 584 variables.
NOTE: DATA statement used (Total process time):
      real time           12:25.14
      user cpu time       10.83 seconds
      system cpu time     1:06.07
      memory              4111.65k
      OS Memory           11960.00k
      Timestamp           26/07/2016 04:18:34 PM
      Step Count                        2  Switch Count  0
      Page Faults                       0
      Page Reclaims                     1141
      Page Swaps                        0
      Voluntary Context Switches        36429
      Involuntary Context Switches      853
      Block Input Operations            54313504
      Block Output Operations           87054864
      

22         
23         /* Sort skp1_pv by ts_registratie */
3                                                          The SAS System                               16:06 Tuesday, July 26, 2016

24         proc sort data=myownsas.skp1_pv_all;
25         	by ts_registratie;	
26         run;

NOTE: There were 9181512 observations read from the data set MYOWNSAS.SKP1_PV_ALL.
NOTE: The data set MYOWNSAS.SKP1_PV_ALL has 9181512 observations and 584 variables.
NOTE: PROCEDURE SORT used (Total process time):
      real time           40:30.68
      user cpu time       1:41.03
      system cpu time     2:45.86
      memory              1055657.43k
      OS Memory           1065468.00k
      Timestamp           26/07/2016 04:59:04 PM
      Step Count                        3  Switch Count  0
      Page Faults                       3
      Page Reclaims                     222361
      Page Swaps                        0
      Voluntary Context Switches        1451678
      Involuntary Context Switches      666
      Block Input Operations            173988384
      Block Output Operations           174109968
      

27         data myownsas.skp1_pv_all;
28         	set myownsas.skp1_pv_all;
29         	by ts_registratie;
30         	if first.ts_registratie then output; /* Only output first observation of non-unique ones, cf. 0005Areskp1KeysUnique.sas
30       ! */
31         run;

NOTE: There were 9181512 observations read from the data set MYOWNSAS.SKP1_PV_ALL.
NOTE: The data set MYOWNSAS.SKP1_PV_ALL has 9179761 observations and 584 variables.
NOTE: DATA statement used (Total process time):
      real time           19:40.15
      user cpu time       10.77 seconds
      system cpu time     1:11.66
      memory              1908.62k
      OS Memory           11944.00k
      Timestamp           26/07/2016 05:18:44 PM
      Step Count                        4  Switch Count  0
      Page Faults                       1
      Page Reclaims                     312
      Page Swaps                        0
      Voluntary Context Switches        28276
      Involuntary Context Switches      261
      Block Input Operations            87055104
      Block Output Operations           87038224
      

32         
33         /* At this point, both matm2 and skp1_pv_all should be sorted by timestamp.
34            Obs in matm2 start in 2011, those in skp1_pv_all start in 2015. */
35         data myownsas.skp1allplusKeys;
36         	if _n_ = 1 then do;
37         		set myownsas.skp1_pv_all;
38         		ts_ei = .; /* not really needed */
39         	end;
40         	do while (ts_ei < ts_registratie);
4                                                          The SAS System                               16:06 Tuesday, July 26, 2016

41         		set myownsas.matm2; /* ts_ei UP */
42         	end;
43         	do while (ts_registratie <= ts_ei);
44         		if (ts_registratie >= ts_be) then output;
45         		set myownsas.skp1_pv_all;  /* ts_registratie UP */
46         	end;
47         	*keep ts_be ts_ei cl_n dch_n bew_vn ts_registratie d100; /* only KeyCols */
48         run;

NOTE: There were 1 observations read from the data set MYOWNSAS.SKP1_PV_ALL.
NOTE: There were 33859 observations read from the data set MYOWNSAS.MATM2.
NOTE: There were 9162742 observations read from the data set MYOWNSAS.SKP1_PV_ALL.
NOTE: The data set MYOWNSAS.SKP1ALLPLUSKEYS has 8071189 observations and 590 variables.
NOTE: DATA statement used (Total process time):
      real time           16:08.24
      user cpu time       9.77 seconds
      system cpu time     1:04.40
      memory              2345.90k
      OS Memory           11944.00k
      Timestamp           26/07/2016 05:34:53 PM
      Step Count                        5  Switch Count  0
      Page Faults                       1
      Page Reclaims                     433
      Page Swaps                        0
      Voluntary Context Switches        27654
      Involuntary Context Switches      143
      Block Input Operations            86896440
      Block Output Operations           76527376
      

49         
50         %put ### %sysevalf( %sysfunc(datetime()) - &t. );
### 5324.32609009742
51         
52         /* end of program */

NOTE: SAS Institute Inc., SAS Campus Drive, Cary, NC USA 27513-2414
NOTE: The SAS System used:
      real time           1:28:44.34
      user cpu time       2:12.46
      system cpu time     6:08.05
      memory              1061816.06k
      OS Memory           1065468.00k
      Timestamp           26/07/2016 05:34:53 PM
      Step Count                        5  Switch Count  16
      Page Faults                       5
      Page Reclaims                     231484
      Page Swaps                        0
      Voluntary Context Switches        1544099
      Involuntary Context Switches      1926
      Block Input Operations            402253432
      Block Output Operations           424734352
      
