1                                                          The SAS System                             17:12 Wednesday, July 27, 2016

NOTE: Copyright (c) 2002-2012 by SAS Institute Inc., Cary, NC, USA. 
NOTE: SAS (r) Proprietary Software 9.4 (TS1M3 MBCS3170) 
      Licensed to Van der Vorst Arnaud-E33271, Site 70068118.
NOTE: This session is executing on the Linux 3.10.0-327.22.2.el7.x86_64 (LIN X64) platform.



NOTE: Updated analytical products:
      
      SAS/STAT 14.1
      SAS/ETS 14.1
      SAS/OR 14.1
      SAS/IML 14.1
      SAS/QC 14.1

NOTE: Additional host information:

 Linux LIN X64 3.10.0-327.22.2.el7.x86_64 #1 SMP Thu Jun 23 17:05:11 UTC 2016 x86_64 CentOS Linux release 7.2.1511 (Core)  

You are running SAS 9. Some SAS 8 files will be automatically converted 
by the V9 engine; others are incompatible.  Please see 
http://support.sas.com/rnd/migration/planning/platform/64bit.html

PROC MIGRATE will preserve current SAS file attributes and is 
recommended for converting all your SAS libraries from any 
SAS 8 release to SAS 9.  For details and examples, please see
http://support.sas.com/rnd/migration/index.html


This message is contained in the SAS news file, and is presented upon
initialization.  Edit the file "news" in the "misc/base" directory to
display site-specific news and information in the program log.
The command line option "-nonews" will prevent this display.




NOTE: SAS initialization used:
      real time           1.07 seconds
      cpu time            0.03 seconds
      
1          *;
2          libname mysas "/tmp/viya/";
NOTE: Libref MYSAS was successfully assigned as follows: 
      Engine:        V9 
      Physical Name: /tmp/viya
3          libname myownsas "/tmp/v94/";
NOTE: Libref MYOWNSAS was successfully assigned as follows: 
      Engine:        V9 
      Physical Name: /tmp/v94
4          *;
5          
6          /* Measure real time */
7          options fullstimer;
8          %let t = %sysfunc(datetime());
9          
10         /* Sort matm2 by ts_be */
11         proc sort data=mysas.matm2(keep=ts_be ts_ei cl_n dch_n bew_vn a_dch ln_pr
2                                                          The SAS System                             17:12 Wednesday, July 27, 2016

12         		where=(a_dch=0 and ln_pr='CRM3'))
13         		out=myownsas.matm2(drop=a_dch ln_pr); /* All unique, cf. 0005AreMATm2KeysUnique.sas */
14         	by ts_be ts_ei; /* The coils should have been processed in a non-overlapping way, so actually, ts_ei is obsolete here.
14       ! */
15         run;

NOTE: There were 35783 observations read from the data set MYSAS.MATM2.
      WHERE (a_dch=0) and (ln_pr='CRM3');
NOTE: The data set MYOWNSAS.MATM2 has 35783 observations and 5 variables.
NOTE: PROCEDURE SORT used (Total process time):
      real time           0.78 seconds
      user cpu time       0.03 seconds
      system cpu time     0.07 seconds
      memory              5920.28k
      OS Memory           12988.00k
      Timestamp           27/07/2016 05:12:05 PM
      Step Count                        1  Switch Count  0
      Page Faults                       6
      Page Reclaims                     1553
      Page Swaps                        0
      Voluntary Context Switches        74
      Involuntary Context Switches      0
      Block Input Operations            167472
      Block Output Operations           3480
      

16         
17         /* Concatenate all crm3_pv* data sets */
18         data myownsas.crm3_pv_all;
19         	set mysas.crm3_pv_2015q1 mysas.crm3_pv_2015q2 mysas.crm3_pv_2015q3 mysas.crm3_pv_2015q4 mysas.crm3_pv;
20         run;

NOTE: There were 1466059 observations read from the data set MYSAS.CRM3_PV_2015Q1.
NOTE: There were 1483654 observations read from the data set MYSAS.CRM3_PV_2015Q2.
NOTE: There were 1483644 observations read from the data set MYSAS.CRM3_PV_2015Q3.
NOTE: There were 1480555 observations read from the data set MYSAS.CRM3_PV_2015Q4.
NOTE: There were 3112977 observations read from the data set MYSAS.CRM3_PV.
NOTE: The data set MYOWNSAS.CRM3_PV_ALL has 9026889 observations and 403 variables.
NOTE: DATA statement used (Total process time):
      real time           13:01.61
      user cpu time       7.62 seconds
      system cpu time     48.40 seconds
      memory              3782.96k
      OS Memory           11960.00k
      Timestamp           27/07/2016 05:25:07 PM
      Step Count                        2  Switch Count  0
      Page Faults                       5
      Page Reclaims                     1066
      Page Swaps                        0
      Voluntary Context Switches        18441
      Involuntary Context Switches      164
      Block Input Operations            57774288
      Block Output Operations           57772560
      

21         
22         /* Sort crm3_pv by ts_registratie */
23         proc sort data=myownsas.crm3_pv_all;
3                                                          The SAS System                             17:12 Wednesday, July 27, 2016

24         	by ts_registratie;	
25         run;

NOTE: There were 9026889 observations read from the data set MYOWNSAS.CRM3_PV_ALL.
NOTE: The data set MYOWNSAS.CRM3_PV_ALL has 9026889 observations and 403 variables.
NOTE: PROCEDURE SORT used (Total process time):
      real time           24:52.55
      user cpu time       1:13.03
      system cpu time     1:55.78
      memory              1057371.46k
      OS Memory           1067236.00k
      Timestamp           27/07/2016 05:49:59 PM
      Step Count                        3  Switch Count  0
      Page Faults                       16
      Page Reclaims                     269837
      Page Swaps                        0
      Voluntary Context Switches        920639
      Involuntary Context Switches      634
      Block Input Operations            115477112
      Block Output Operations           115545008
      

26         data myownsas.crm3_pv_all;
27         	set myownsas.crm3_pv_all;
28         	by ts_registratie;
29         	if first.ts_registratie then output; /* Only output first observation of non-unique ones, cf. 0005AreCRM3KeysUnique.sas
29       ! */
30         run;

NOTE: There were 9026889 observations read from the data set MYOWNSAS.CRM3_PV_ALL.
NOTE: The data set MYOWNSAS.CRM3_PV_ALL has 9026338 observations and 403 variables.
NOTE: DATA statement used (Total process time):
      real time           9:28.67
      user cpu time       8.70 seconds
      system cpu time     48.58 seconds
      memory              1746.06k
      OS Memory           11688.00k
      Timestamp           27/07/2016 05:59:28 PM
      Step Count                        4  Switch Count  0
      Page Faults                       6
      Page Reclaims                     358
      Page Swaps                        0
      Voluntary Context Switches        18541
      Involuntary Context Switches      100
      Block Input Operations            26109256
      Block Output Operations           57768976
      

31         
32         /* At this point, both matm2 and crm3_pv_all should be sorted by timestamp.
33            Obs in matm2 start in 2011, those in crm3_pv_all start in 2015. */
34         data myownsas.crm3allplusKeys;
35         	if _n_ = 1 then do;
36         		set myownsas.crm3_pv_all;
37         		ts_ei = .; /* not really needed */
38         	end;
39         	do while (ts_ei < ts_registratie);
40         		set myownsas.matm2; /* ts_ei UP */
4                                                          The SAS System                             17:12 Wednesday, July 27, 2016

41         	end;
42         	do while (ts_registratie <= ts_ei);
43         		if (ts_registratie >= ts_be) then output;
44         		set myownsas.crm3_pv_all;  /* ts_registratie UP */
45         	end;
46         	*keep ts_be ts_ei cl_n dch_n bew_vn ts_registratie d100; /* only KeyCols */
47         run;

NOTE: There were 1 observations read from the data set MYOWNSAS.CRM3_PV_ALL.
NOTE: There were 35783 observations read from the data set MYOWNSAS.MATM2.
NOTE: There were 9010973 observations read from the data set MYOWNSAS.CRM3_PV_ALL.
NOTE: The data set MYOWNSAS.CRM3ALLPLUSKEYS has 7629412 observations and 408 variables.
NOTE: DATA statement used (Total process time):
      real time           4:25.73
      user cpu time       6.95 seconds
      system cpu time     38.46 seconds
      memory              2103.21k
      OS Memory           11688.00k
      Timestamp           27/07/2016 06:03:54 PM
      Step Count                        5  Switch Count  0
      Page Faults                       4
      Page Reclaims                     364
      Page Swaps                        0
      Voluntary Context Switches        18065
      Involuntary Context Switches      96
      Block Input Operations            6947024
      Block Output Operations           48828688
      

48         
49         %put ### %sysevalf( %sysfunc(datetime()) - &t. );
### 3110.95010995864
50         
51         /* end of program */

NOTE: SAS Institute Inc., SAS Campus Drive, Cary, NC USA 27513-2414
NOTE: The SAS System used:
      real time           51:52.20
      user cpu time       1:36.36
      system cpu time     4:11.30
      memory              1063527.28k
      OS Memory           1067236.00k
      Timestamp           27/07/2016 06:03:55 PM
      Step Count                        5  Switch Count  16
      Page Faults                       117
      Page Reclaims                     278725
      Page Swaps                        0
      Voluntary Context Switches        975999
      Involuntary Context Switches      997
      Block Input Operations            206491072
      Block Output Operations           279918768
      
