1                                                          The SAS System                            14:41 Saturday, August 13, 2016

NOTE: Copyright (c) 2002-2012 by SAS Institute Inc., Cary, NC, USA. 
NOTE: SAS (r) Proprietary Software 9.4 (TS1M3 MBCS3170) 
      Licensed to Van der Vorst Arnaud-E33271, Site 70068118.
NOTE: This session is executing on the Linux 3.10.0-327.22.2.el7.x86_64 (LIN X64) platform.



NOTE: Updated analytical products:
      
      SAS/STAT 14.1
      SAS/ETS 14.1
      SAS/OR 14.1
      SAS/IML 14.1
      SAS/QC 14.1

NOTE: Additional host information:

 Linux LIN X64 3.10.0-327.22.2.el7.x86_64 #1 SMP Thu Jun 23 17:05:11 UTC 2016 x86_64 CentOS Linux release 7.2.1511 (Core)  

You are running SAS 9. Some SAS 8 files will be automatically converted 
by the V9 engine; others are incompatible.  Please see 
http://support.sas.com/rnd/migration/planning/platform/64bit.html

PROC MIGRATE will preserve current SAS file attributes and is 
recommended for converting all your SAS libraries from any 
SAS 8 release to SAS 9.  For details and examples, please see
http://support.sas.com/rnd/migration/index.html


This message is contained in the SAS news file, and is presented upon
initialization.  Edit the file "news" in the "misc/base" directory to
display site-specific news and information in the program log.
The command line option "-nonews" will prevent this display.




NOTE: SAS initialization used:
      real time           0.02 seconds
      cpu time            0.02 seconds
      
1          *;
2          libname insaslib "/tmp/viya/";
NOTE: Libref INSASLIB was successfully assigned as follows: 
      Engine:        V9 
      Physical Name: /tmp/viya
3          libname ousaslib "/tmp/v94/";
NOTE: Libref OUSASLIB was successfully assigned as follows: 
      Engine:        V9 
      Physical Name: /tmp/v94
4          *;
5          
6          /* Measure real time */
7          options fullstimer;
8          %let t = %sysfunc(datetime());
9          
10         /* Sort the resulting matm2 by ts_be */
11         proc sort data=insaslib.matm2(keep=ts_be ts_ei cl_n dch_n bew_vn a_dch dl_n_lei dl_n_leu dl_n_bri dl_n_bru ln_pr
2                                                          The SAS System                            14:41 Saturday, August 13, 2016

12         		/* where=(a_dch=0 and ln_pr='CRM3')) */
13         		where=((dl_n_lei = dl_n_leu) and (dl_n_bri = dl_n_bru) and  ln_pr='CRM3'))
14         		out=ousaslib.matm2(drop=a_dch ln_pr dl_n_lei dl_n_leu dl_n_bri dl_n_bru); /* All unique, cf. 0005AreMATm2KeysUnique.sas
14       !  */
15         	by ts_be ts_ei; /* The coils should have been processed in a non-overlapping way, so actually, ts_ei is obsolete here.
15       ! */
16         run;

NOTE: There were 35669 observations read from the data set INSASLIB.MATM2.
      WHERE (dl_n_lei=dl_n_leu) and (dl_n_bri=dl_n_bru) and (ln_pr='CRM3');
NOTE: The data set OUSASLIB.MATM2 has 35669 observations and 5 variables.
NOTE: PROCEDURE SORT used (Total process time):
      real time           0.67 seconds
      user cpu time       0.03 seconds
      system cpu time     0.08 seconds
      memory              5873.90k
      OS Memory           12988.00k
      Timestamp           13/08/2016 02:41:11 PM
      Step Count                        1  Switch Count  0
      Page Faults                       0
      Page Reclaims                     1700
      Page Swaps                        0
      Voluntary Context Switches        70
      Involuntary Context Switches      0
      Block Input Operations            165904
      Block Output Operations           3480
      

17         
18         /* Concatenate all crm3_pv* data sets */
19         *data ousaslib.crm3_pv_all;
20         *	set insaslib.crm3_pv_2015q1 insaslib.crm3_pv_2015q2 insaslib.crm3_pv_2015q3 insaslib.crm3_pv_2015q4 insaslib.crm3_pv;
21         *	drop ts_registratie_gmt datum_reg guid;
22         *run;
23         
24         /* Sort crm3_pv by ts_registratie */
25         *proc sort data=ousaslib.crm3_pv_all;
26         *	by ts_registratie;	
27         *run;
28         *data ousaslib.crm3_pv_all;
29         *	set ousaslib.crm3_pv_all;
30         *	by ts_registratie;
31         *	if first.ts_registratie then output; /* Only output first observation of non-unique ones, cf. 0005AreCRM3KeysUnique.sas
31       !  */
32         *run;
33         
34         /* At this point, both matm2 and crm3_pv_all should be sorted by timestamp.
35            Obs in matm2 start in 2011, those in crm3_pv_all start in 2015. */
36         data ousaslib.crm3allplusKeys;
37         	if _n_ = 1 then do;
38         		set ousaslib.crm3_pv_all;
39         		ts_ei = .; /* not really needed */
40         	end;
41         	do while (ts_ei < ts_registratie);
42         		set ousaslib.matm2; /* ts_ei UP */
43         	end;
44         	do while (ts_registratie <= ts_ei);
45         		if (ts_registratie >= ts_be) then output;
3                                                          The SAS System                            14:41 Saturday, August 13, 2016

46         		set ousaslib.crm3_pv_all;  /* ts_registratie UP */
47         	end;
48         	*keep ts_be ts_ei cl_n dch_n bew_vn ts_registratie d100; /* only KeyCols */
49         run;

NOTE: There were 1 observations read from the data set OUSASLIB.CRM3_PV_ALL.
NOTE: There were 35669 observations read from the data set OUSASLIB.MATM2.
NOTE: There were 9010973 observations read from the data set OUSASLIB.CRM3_PV_ALL.
NOTE: The data set OUSASLIB.CRM3ALLPLUSKEYS has 7629412 observations and 406 variables.
NOTE: DATA statement used (Total process time):
      real time           10:14.22
      user cpu time       7.38 seconds
      system cpu time     43.44 seconds
      memory              2248.87k
      OS Memory           10152.00k
      Timestamp           13/08/2016 02:51:26 PM
      Step Count                        2  Switch Count  0
      Page Faults                       0
      Page Reclaims                     927
      Page Swaps                        0
      Voluntary Context Switches        18283
      Involuntary Context Switches      119
      Block Input Operations            57679496
      Block Output Operations           48828688
      

50         
51         %put ### %sysevalf( %sysfunc(datetime()) - &t. );
### 614.90673995018
52         
53         /* end of program */

NOTE: SAS Institute Inc., SAS Campus Drive, Cary, NC USA 27513-2414
NOTE: The SAS System used:
      real time           10:14.93
      user cpu time       7.43 seconds
      system cpu time     43.53 seconds
      memory              11384.06k
      OS Memory           12988.00k
      Timestamp           13/08/2016 02:51:26 PM
      Step Count                        2  Switch Count  10
      Page Faults                       0
      Page Reclaims                     8201
      Page Swaps                        0
      Voluntary Context Switches        18409
      Involuntary Context Switches      122
      Block Input Operations            57845400
      Block Output Operations           48832192
      
