1                                                          The SAS System                              16:14 Tuesday, August 9, 2016

NOTE: Copyright (c) 2002-2012 by SAS Institute Inc., Cary, NC, USA. 
NOTE: SAS (r) Proprietary Software 9.4 (TS1M3 MBCS3170) 
      Licensed to Van der Vorst Arnaud-E33271, Site 70068118.
NOTE: This session is executing on the Linux 3.10.0-327.22.2.el7.x86_64 (LIN X64) platform.



NOTE: Updated analytical products:
      
      SAS/STAT 14.1
      SAS/ETS 14.1
      SAS/OR 14.1
      SAS/IML 14.1
      SAS/QC 14.1

NOTE: Additional host information:

 Linux LIN X64 3.10.0-327.22.2.el7.x86_64 #1 SMP Thu Jun 23 17:05:11 UTC 2016 x86_64 CentOS Linux release 7.2.1511 (Core)  

You are running SAS 9. Some SAS 8 files will be automatically converted 
by the V9 engine; others are incompatible.  Please see 
http://support.sas.com/rnd/migration/planning/platform/64bit.html

PROC MIGRATE will preserve current SAS file attributes and is 
recommended for converting all your SAS libraries from any 
SAS 8 release to SAS 9.  For details and examples, please see
http://support.sas.com/rnd/migration/index.html


This message is contained in the SAS news file, and is presented upon
initialization.  Edit the file "news" in the "misc/base" directory to
display site-specific news and information in the program log.
The command line option "-nonews" will prevent this display.




NOTE: SAS initialization used:
      real time           0.02 seconds
      cpu time            0.03 seconds
      
1          *;
2          libname insaslib "/tmp/viya/";
NOTE: Libref INSASLIB was successfully assigned as follows: 
      Engine:        V9 
      Physical Name: /tmp/viya
3          libname ousaslib "/tmp/v94/";
NOTE: Libref OUSASLIB was successfully assigned as follows: 
      Engine:        V9 
      Physical Name: /tmp/v94
4          *;
5          
6          /* The first method only works for joining skp1 with matm2, not for joining skp1 with skp1_cilinders. */
7          
8          /* Sort skp_cilinders by ts_be */
9          *proc sort 	data=insaslib.skp_cilinders
10         *			out=ousaslib.skp_cilinders; /* All unique, cf. 0007AreCilinderKeysUnique.sas */
11         *	by einddatum einddatumskp; /* The logs should be non-overlapping, so actually, einddatumskp is obsolete here. */
2                                                          The SAS System                              16:14 Tuesday, August 9, 2016

12         *run;
13         
14         /* Sort skp1_pv by ts_registratie */
15         *proc sort data=ousaslib.skp1allplusKeys;
16         *	by ts_registratie;
17         *run;
18         
19         /* At this point, both skp_cilinders and skp1_pv_all should be sorted by timestamp.
20            Obs in skp_cilinders start in 2010, those in skp1_pv_all start in 2015. */
21         *data ousaslib.skp1allplusKeysplusCilinders;
22         *	if _n_ = 1 then do;
23         *		set ousaslib.skp1allplusKeys;
24         *		einddatumskp = .; /* not really needed */
25         *	end;
26         *	do while (einddatumskp < ts_registratie);
27         *		set ousaslib.skp_cilinders; /* ts_ei UP */
28         *	end;
29         *	do while (ts_registratie <= einddatumskp);
30         *		if (ts_registratie >= einddatum) then output;
31         *		set ousaslib.skp1allplusKeys;  /* ts_registratie UP */
32         *	end;
33         	*keep ts_be ts_ei cl_n dch_n bew_vn ts_registratie d100; /* only KeyCols */
34         *run;
35         
36         /* Measure real time */
37         options fullstimer;
38         %let t = %sysfunc(datetime());
39         
40         *data ousaslib.skp_cilinders;
41         *	set insaslib.skp_cilinders;
42         *	ComponentDigits = input(substr(ComponentName,length(ComponentName)-1,2),2.0);
43         *run;
44         
45         /* Create macros to rename variables in skp_cilinders for T (top) and B (bottom) side. */
46         proc contents data=ousaslib.skp_cilinders out=varnames;

NOTE: The data set WORK.VARNAMES has 49 observations and 41 variables.
NOTE: The PROCEDURE CONTENTS printed pages 1-2.
NOTE: PROCEDURE CONTENTS used (Total process time):
      real time           0.24 seconds
      user cpu time       0.05 seconds
      system cpu time     0.01 seconds
      memory              3470.09k
      OS Memory           10144.00k
      Timestamp           09/08/2016 04:14:46 PM
      Step Count                        1  Switch Count  1
      Page Faults                       11
      Page Reclaims                     1981
      Page Swaps                        0
      Voluntary Context Switches        20
      Involuntary Context Switches      0
      Block Input Operations            4896
      Block Output Operations           160
      

47         data _null_;
48         	length _Tvars $6000 _Bvars $6000;
49         	retain _Tvars _Bvars ;
3                                                          The SAS System                              16:14 Tuesday, August 9, 2016

50         	set varnames end=last;
51         	_Tvars = catx( " ", _Tvars, catx( "=", name, 't'||strip(name) ) ) ;
52         	_Bvars = catx( " ", _Bvars, catx( "=", name, 't'||strip(name) ) ) ;
53         	if last then do;
54         		call symputx("toplist", _Tvars);			
55         		call symputx("bottomlist", _Bvars);
56         	end;
57         run;

NOTE: There were 49 observations read from the data set WORK.VARNAMES.
NOTE: DATA statement used (Total process time):
      real time           0.09 seconds
      user cpu time       0.01 seconds
      system cpu time     0.01 seconds
      memory              1141.56k
      OS Memory           10656.00k
      Timestamp           09/08/2016 04:14:46 PM
      Step Count                        2  Switch Count  0
      Page Faults                       7
      Page Reclaims                     726
      Page Swaps                        0
      Voluntary Context Switches        7
      Involuntary Context Switches      0
      Block Input Operations            1984
      Block Output Operations           0
      

58         
59         %put &=toplist.; *%put &=bottomlist.;
TOPLIST=Afname=tAfname Afwerking=tAfwerking BeginDatum=tBeginDatum Bolvorm=tBolvorm BorgpenHydrMoerOK=tBorgpenHydrMoerOK 
CilinderDiameterBegin=tCilinderDiameterBegin CilinderDiameterEindeAutoLinks=tCilinderDiameterEindeAutoLinks 
CilinderDiameterEindeAutoRechts=tCilinderDiameterEindeAutoRechts CilinderDiameterEindeMan=tCilinderDiameterEindeMan 
CodeSlijpReden=tCodeSlijpReden ComponentDigits=tComponentDigits ComponentId=tComponentId ComponentName=tComponentName 
EindDatum=tEindDatum FlagMSMQIBM=tFlagMSMQIBM FlagMSMQQE=tFlagMSMQQE Hardheid=tHardheid Hardheid2=tHardheid2 Hardheid3=tHardheid3 
Hardheid4=tHardheid4 Hardheid5=tHardheid5 HardheidTestgrens=tHardheidTestgrens HistoryId=tHistoryId HistoryTime=tHistoryTime 
LagersTappenOK=tLagersTappenOK OKVoorWals=tOKVoorWals OKVoorWalsNaSlijping=tOKVoorWalsNaSlijping Opharding=tOpharding 
Opligtijd=tOpligtijd Pause=tPause ProgrammaNaam=tProgrammaNaam ProgrammaOnderbroken=tProgrammaOnderbroken 
RedenTeHogeSlijptijd=tRedenTeHogeSlijptijd Ruwheid=tRuwheid Slag=tSlag SlijpOpmerking=tSlijpOpmerking SlijpTijd=tSlijpTijd 
SlijpTijdUUMMSS=tSlijpTijdUUMMSS Slijpkurve=tSlijpkurve Slijpmachine=tSlijpmachine 
SlijpsteenComponentTypeId=tSlijpsteenComponentTypeId SlijpsteenDiameter=tSlijpsteenDiameter TijdAfruwen=tTijdAfruwen 
TijdAfruwenUUMMSS=tTijdAfruwenUUMMSS TijdAfwerken=tTijdAfwerken TijdAfwerkenUUMMSS=tTijdAfwerkenUUMMSS 
WerkNummerAfname=tWerkNummerAfname WerkNummerSlijp=tWerkNummerSlijp einddatumskp=teinddatumskp
60         
61         data ousaslib.skp_cilinders_T(rename=(&toplist.)) ousaslib.skp_cilinders_B(rename=(&bottomlist.));
62         	set ousaslib.skp_cilinders;
63         run;

NOTE: There were 1443 observations read from the data set OUSASLIB.SKP_CILINDERS.
NOTE: The data set OUSASLIB.SKP_CILINDERS_T has 1443 observations and 49 variables.
NOTE: The data set OUSASLIB.SKP_CILINDERS_B has 1443 observations and 49 variables.
NOTE: DATA statement used (Total process time):
      real time           0.09 seconds
      user cpu time       0.00 seconds
      system cpu time     0.00 seconds
      memory              1119.68k
      OS Memory           10912.00k
      Timestamp           09/08/2016 04:14:46 PM
      Step Count                        3  Switch Count  0
4                                                          The SAS System                              16:14 Tuesday, August 9, 2016

      Page Faults                       2
      Page Reclaims                     337
      Page Swaps                        0
      Voluntary Context Switches        4
      Involuntary Context Switches      0
      Block Input Operations            1888
      Block Output Operations           3600
      

64         
65         proc sql;
66         	create table ousaslib.skp1allplusKeysplusCilinders1
67         	as select a.*, b.*
68         	from ousaslib.skp1allplusKeys a
69             left join ousaslib.skp_cilinders_T b
70             on (
71               	(b.tComponentDigits = a.d417)
72             and 	
73                 (b.teinddatum <= a.ts_registratie and a.ts_registratie <= b.teinddatumskp)
74                 );
NOTE: Table OUSASLIB.SKP1ALLPLUSKEYSPLUSCILINDERS1 created, with 5740392 rows and 636 columns.

75          			  /*order by a.cl_n, a.bew_vn, a.dch_n, a.ts_registratie*/
76         quit;
NOTE: PROCEDURE SQL used (Total process time):
      real time           29:52.03
      user cpu time       2:02.63
      system cpu time     2:51.10
      memory              1061725.04k
      OS Memory           1072956.00k
      Timestamp           09/08/2016 04:44:39 PM
      Step Count                        4  Switch Count  0
      Page Faults                       8
      Page Reclaims                     266478
      Page Swaps                        0
      Voluntary Context Switches        1283360
      Involuntary Context Switches      940
      Block Input Operations            120708104
      Block Output Operations           172221088
      

77         
78         /*proc ds2;
79         	data ousaslib.skp1allplusKeysplusCilinders1(overwrite=yes);
80         	method run();
81         		set { select *
82         			  from ousaslib.skp1allplusKeys a
83               		  left join ousaslib.skp_cilinders_T b
84               		  on (
85               		  		(b.tComponentDigits = a.d417)
86               		  and 	
87               		  		(b.teinddatum <= a.ts_registratie and a.ts_registratie <= b.teinddatumskp)
88               		  	 )
89          			  order by a.cl_n, a.bew_vn, a.dch_n, a.ts_registratie
90         			};
91         		if 1=1 then output ousaslib.skp1allplusKeysplusCilinders1;
92         	    end;
93         	enddata;
5                                                          The SAS System                              16:14 Tuesday, August 9, 2016

94         	run;
95         quit;
96         
97         proc ds2;
98         	data ousaslib.skp1allplusKeysplusCilinders(overwrite=yes);
99         	method run();
100        		set { select *
101        			  from ousaslib.skp1allplusKeysplusCilinders1 a
102              		  left join ousaslib.skp_cilinders_B b
103              		  on (
104              		  		(b.ComponentDigits_B = a.d418)
105              		  and 	
106              		  		(b.beinddatum <= a.ts_registratie and a.ts_registratie <= b.beinddatumskp)
107              		  	 )
108         			  order by a.cl_n, a.bew_vn, a.dch_n, a.ts_registratie
109        			};
110        		if 1=1 then output ousaslib.skp1allplusKeysplusCilinders;
111        	    end;
112        	enddata;
113        	run;
114        quit;
115        
116        proc datasets library=ousaslib nolist;
117        	delete skp_cilinders_T skp_cilinders_B skp1allplusKeysplusCilinders1 / memtype=data;
118        run;*/
119        
120        %put ### %sysevalf( %sysfunc(datetime()) - &t. );
### 1792.48486995697
121        
122        /* end of program */
123        
124        /* test code */
125        
126        /*
127        data work.cil;
128        	length ComponentName $ 45;
129        	input ComponentName $30.;
130        	ComponentDigits = input(substr(ComponentName,length(ComponentName)-1,2),2.0);
131        datalines;
132        POSB10
133        PUE62
134        ;
135        run;
136        
137        data work.skp
138        	length d417;
139        	input d417 9.2;
140        datalines;
141        0.0
142        0.0
143        10.0
144        62.0
145        48.0
146        62.0
147        ;
148        run;
149        
150        proc ds2;
6                                                          The SAS System                              16:14 Tuesday, August 9, 2016

151        	data work.merged(overwrite=yes);
152        	method run();
153        		set { select *
154        			  from work.skp a
155              		  left join work.cil b
156              		  on b.ComponentDigits = a.d417
157        			};
158        		if 1=1 then output work.merged;
159        	    end;
160        	enddata;
161        	run;
162        quit;
163        */

NOTE: SAS Institute Inc., SAS Campus Drive, Cary, NC USA 27513-2414
NOTE: The SAS System used:
      real time           29:52.51
      user cpu time       2:02.72
      system cpu time     2:51.14
      memory              1070050.09k
      OS Memory           1072956.00k
      Timestamp           09/08/2016 04:44:39 PM
      Step Count                        4  Switch Count  18
      Page Faults                       28
      Page Reclaims                     275110
      Page Swaps                        0
      Voluntary Context Switches        1283453
      Involuntary Context Switches      943
      Block Input Operations            120716872
      Block Output Operations           172224904
      
