CODE LOG RESULTS OUTPUT DATA





Errors, Warnings, Notes
 Errors
 Warnings
 Notes (7)
 
 1          OPTIONS NONOTES NOSTIMER NOSOURCE NOSYNTAXCHECK;
 55         
 56         *;
 57         libname mysas "/tmp/viya/" access=readonly;
 NOTE: Libref MYSAS was successfully assigned as follows: 
       Engine:        V9 
       Physical Name: /tmp/viya
 58         libname myownsas "/tmp/v94/";
 NOTE: Libref MYOWNSAS was successfully assigned as follows: 
       Engine:        V9 
       Physical Name: /tmp/v94
 59         *;
 60         
 61         %let inputdswemptycols=myownsas.skp_cilinders;
 62         
 63         data _null_;
 64         set &inputdswemptycols. end=last;
 65         array _n _numeric_   _dumn;
 66         array _c _character_ _dumc;
 67         array _nn{3000} _temporary_; /*  temporary array: array elements are retained automatically */
 68         array _nc{3000} _temporary_; /*  temporary array: array elements are retained automatically */
 69         do i = 1 to dim(_n)-1;       /* -1 because of dummy _dumn */
 70             if not _nn{i} and not missing(_n{i}) then _nn{i} = 1;
 71             end;
 72         do i = 1 to dim(_c)-1;       /* -1 because of dummy _dumc */
 73             if not _nc{i} and not missing(_c{i}) then _nc{i} = 1;
 74             end;
 75         length _vars $6000;
 76         if last then do;
 77             do i = 1 to dim(_n)-1;
 78                 if not _nn{i} then _vars = catx(" ", _vars, vname(_n{i}));
 79             end;
 80             do i = 1 to dim(_c)-1;
 81                 if not _nc{i} then _vars = catx(" ", _vars, vname(_c{i}));
 82             end;
 83             call symputx("droplist", _vars);
 84             end;
 85         run;
 
 NOTE: There were 1443 observations read from the data set MYOWNSAS.SKP_CILINDERS.
 NOTE: DATA statement used (Total process time):
       real time           0.04 seconds
       user cpu time       0.02 seconds
       system cpu time     0.01 seconds
       memory              1049.18k
       OS Memory           32924.00k
       Timestamp           07/28/2016 04:46:08 PM
       Step Count                        119  Switch Count  108
       Page Faults                       1
       Page Reclaims                     421
       Page Swaps                        0
       Voluntary Context Switches        383
       Involuntary Context Switches      0
       Block Input Operations            96
       Block Output Operations           0
       
 
 86         
 87         %put &=droplist.;
 DROPLIST=Slijpkurve
 88         
 89         data &inputdswemptycols.;
 90         _dummy = 0; /* In case the drop list is empty */
 91         set &inputdswemptycols.;
 92         drop &droplist _dummy;
 93         run;
 
 NOTE: There were 1443 observations read from the data set MYOWNSAS.SKP_CILINDERS.
 NOTE: The data set MYOWNSAS.SKP_CILINDERS has 1443 observations and 47 variables.
 NOTE: DATA statement used (Total process time):
       real time           0.01 seconds
       user cpu time       0.01 seconds
       system cpu time     0.01 seconds
       memory              975.62k
       OS Memory           32924.00k
       Timestamp           07/28/2016 04:46:08 PM
       Step Count                        120  Switch Count  37
       Page Faults                       0
       Page Reclaims                     245
       Page Swaps                        0
       Voluntary Context Switches        94
       Involuntary Context Switches      0
       Block Input Operations            0
       Block Output Operations           1800
       
 
 94         
 95         /* end of program */
 96         
 97         
 98         OPTIONS NONOTES NOSTIMER NOSOURCE NOSYNTAXCHECK;
 110 
