1                                                          The SAS System                           13:52 Wednesday, August 10, 2016

NOTE: Copyright (c) 2002-2012 by SAS Institute Inc., Cary, NC, USA. 
NOTE: SAS (r) Proprietary Software 9.4 (TS1M3 MBCS3170) 
      Licensed to Van der Vorst Arnaud-E33271, Site 70068118.
NOTE: This session is executing on the Linux 3.10.0-327.22.2.el7.x86_64 (LIN X64) platform.



NOTE: Updated analytical products:
      
      SAS/STAT 14.1
      SAS/ETS 14.1
      SAS/OR 14.1
      SAS/IML 14.1
      SAS/QC 14.1

NOTE: Additional host information:

 Linux LIN X64 3.10.0-327.22.2.el7.x86_64 #1 SMP Thu Jun 23 17:05:11 UTC 2016 x86_64 CentOS Linux release 7.2.1511 (Core)  

You are running SAS 9. Some SAS 8 files will be automatically converted 
by the V9 engine; others are incompatible.  Please see 
http://support.sas.com/rnd/migration/planning/platform/64bit.html

PROC MIGRATE will preserve current SAS file attributes and is 
recommended for converting all your SAS libraries from any 
SAS 8 release to SAS 9.  For details and examples, please see
http://support.sas.com/rnd/migration/index.html


This message is contained in the SAS news file, and is presented upon
initialization.  Edit the file "news" in the "misc/base" directory to
display site-specific news and information in the program log.
The command line option "-nonews" will prevent this display.




NOTE: SAS initialization used:
      real time           1.00 seconds
      cpu time            0.04 seconds
      
1          *;
2          libname insaslib "/tmp/viya/" access=readonly;
NOTE: Libref INSASLIB was successfully assigned as follows: 
      Engine:        V9 
      Physical Name: /tmp/viya
3          libname ousaslib "/tmp/v94/";
NOTE: Libref OUSASLIB was successfully assigned as follows: 
      Engine:        V9 
      Physical Name: /tmp/v94
4          *;
5          
6          %let walsen = d382=0 and d324 ge 200 and d522+d523 ge 150; *d341+d342 ge 150; /* Mode Polijsten (1=Actief) AND
6        ! Bandsnelheid > 200 m/min AND Druk wals AZ + BZ > 150 ton */
7          
8          /*proc sort data=ousaslib.skp1allplusKeysplusCilinders nodupkey;
9          	by cl_n bew_vn dch_n ts_registratie;
10         run;*/
2                                                          The SAS System                           13:52 Wednesday, August 10, 2016

11         
12         data ousaslib.skp1walsplusKeys;
13         	set ousaslib.skp1allplusKeysplusCilinders ;
14         	by cl_n bew_vn dch_n ts_registratie;
15         	retain _deel _x _pol _walsen 0;	/* New Key = cl_n, bew_vn, dch_n, _deel (na Polijsten) */
16         										/* _x = #m this coil has been rolled so far */
17         										/* _pol = #s Polijsten (voor deel) */
18         	if first.dch_n then do;				/* New coil */
19         		_deel 	= 0;
20         		_x 		= 0;
21         		_walsen	= 0;
22         	end;
23         	if ( d382=0 and d324 ge 200 and d522+d523 ge 150 ) then
24         		do;
25         			*put "walsen";
26         			if (not _walsen) then do;	/* New deel */
27         				*put "not _walsen";
28         				_walsen = 1;
29         				_deel = _deel + 1;
30         			end;
31         			_dx = d324/60 * 5;			/* \Delta_x = Bandsnelheid (m/s) * 5s */
32         			_x = _x + _dx;		
33         			*_dd524 = (d524 - lag(d524)) / _dx;
34         			/* These are the 5" observations we want to keep in skp1walsplusKeys */
35         			output;
36         			*put "output";
37         		end;
38         	else
39         		do;
40         			*put "not walsen";
41         			if _walsen then do;			/* New Polijsten */
42         				*put "_walsen";
43         				_walsen = 0;
44         				_pol = 0;
45         			end;
46         			if d382 then do;
47         				_pol = _pol + 5;		/* Polijsten + 5s */
48         			end;
49         		end;
50         	drop _walsen _dx;
51         	*keep cl_n bew_vn dch_n ts_registratie d324 d382 d341 d342 d522 d523 d524 _deel _x _pol _dd524;
52         run;

NOTE: There were 5740391 observations read from the data set OUSASLIB.SKP1ALLPLUSKEYSPLUSCILINDERS.
NOTE: The data set OUSASLIB.SKP1WALSPLUSKEYS has 1086744 observations and 570 variables.
NOTE: DATA statement used (Total process time):
      real time           2:49.42
      cpu time            28.69 seconds
      

53         
54         /* end of program */
55         
56         

NOTE: SAS Institute Inc., SAS Campus Drive, Cary, NC USA 27513-2414
NOTE: The SAS System used:
      real time           2:50.47
3                                                          The SAS System                           13:52 Wednesday, August 10, 2016

      cpu time            28.74 seconds
      
