1                                                          The SAS System                           17:11 Wednesday, August 10, 2016

NOTE: Copyright (c) 2002-2012 by SAS Institute Inc., Cary, NC, USA. 
NOTE: SAS (r) Proprietary Software 9.4 (TS1M3 MBCS3170) 
      Licensed to Van der Vorst Arnaud-E33271, Site 70068118.
NOTE: This session is executing on the Linux 3.10.0-327.22.2.el7.x86_64 (LIN X64) platform.



NOTE: Updated analytical products:
      
      SAS/STAT 14.1
      SAS/ETS 14.1
      SAS/OR 14.1
      SAS/IML 14.1
      SAS/QC 14.1

NOTE: Additional host information:

 Linux LIN X64 3.10.0-327.22.2.el7.x86_64 #1 SMP Thu Jun 23 17:05:11 UTC 2016 x86_64 CentOS Linux release 7.2.1511 (Core)  

You are running SAS 9. Some SAS 8 files will be automatically converted 
by the V9 engine; others are incompatible.  Please see 
http://support.sas.com/rnd/migration/planning/platform/64bit.html

PROC MIGRATE will preserve current SAS file attributes and is 
recommended for converting all your SAS libraries from any 
SAS 8 release to SAS 9.  For details and examples, please see
http://support.sas.com/rnd/migration/index.html


This message is contained in the SAS news file, and is presented upon
initialization.  Edit the file "news" in the "misc/base" directory to
display site-specific news and information in the program log.
The command line option "-nonews" will prevent this display.




NOTE: SAS initialization used:
      real time           0.02 seconds
      cpu time            0.02 seconds
      
1          *;
2          libname insaslib "/tmp/viya/" access=readonly;
NOTE: Libref INSASLIB was successfully assigned as follows: 
      Engine:        V9 
      Physical Name: /tmp/viya
3          libname ousaslib "/tmp/v94/";
NOTE: Libref OUSASLIB was successfully assigned as follows: 
      Engine:        V9 
      Physical Name: /tmp/v94
4          *;
5          
6          %let inputdsn=ousaslib.skp1walsplusKeys;
7          %let KeyColumns=cl_n bew_vn dch_n _deel;
8          
9          data work._deel(keep=KeyCol);
10         	set &inputdsn.(keep=&KeyColumns.);
11         	KeyCol = catx("_", cl_n, put(bew_vn,best.), put(dch_n,best.), put(_deel,best.));
2                                                          The SAS System                           17:11 Wednesday, August 10, 2016

12         run;

NOTE: There were 1086744 observations read from the data set OUSASLIB.SKP1WALSPLUSKEYS.
NOTE: The data set WORK._DEEL has 1086744 observations and 1 variables.
NOTE: DATA statement used (Total process time):
      real time           3.90 seconds
      cpu time            3.91 seconds
      

13         proc sort data=work._deel;
14         	by KeyCol;
15         run;

NOTE: There were 1086744 observations read from the data set WORK._DEEL.
NOTE: The data set WORK._DEEL has 1086744 observations and 1 variables.
NOTE: PROCEDURE SORT used (Total process time):
      real time           0.86 seconds
      cpu time            2.04 seconds
      

16         data _null_;
17         	length _delen $6000;
18         	retain _delen;
19           	set work._deel end=last;
20           	by KeyCol;
21           	if _n_ = 1 then _delen = '(""';
22           	if first.KeyCol then count=0;
23           	count+1;
24           	if last.KeyCol then do;
25           		if (count < 6) then _delen = catx(",", _delen, '"'||strip(KeyCol)||'"');
26           	end;
27           	if last then do;
28           		_delen = strip(_delen) || ')';
29         	    call symputx("deellist", _delen);
30             end;
31         run;

NOTE: There were 1086744 observations read from the data set WORK._DEEL.
NOTE: DATA statement used (Total process time):
      real time           0.26 seconds
      cpu time            0.27 seconds
      

32         
33         %put &=deellist.;
34         
35         data &inputdsn.;
36         	set &inputdsn.;
NOTE: Line generated by the macro variable "INPUTDSN".
36         "52;data ousaslib.skp1walsplusKeys;	set ousaslib.skp1walsplusKeys
           _________________________________________________________________
           49
NOTE 49-169: The meaning of an identifier after a quoted string might change in a future SAS release.  Inserting white space 
             between a quoted string and the succeeding identifier is recommended.

37         	where catx("_", cl_n, put(bew_vn,best.), put(dch_n,best.), put(_deel,best.)) not in &deellist.;
NOTE: Line generated by the macro variable "DEELLIST".
37         ", cl_n, put(bew_vn,best.), put(dch_n,best.), put(_deel,best.)) not in
3                                                          The SAS System                           17:11 Wednesday, August 10, 2016

           _______________________________________________________________________
           49
NOTE: Line generated by the macro variable "DEELLIST".
37         ("","42414559_12_0_1","44152157_13_1_1","44152157_13_1_5","44956749_14_0_1","50102047_9_0_1","50314717_12_1_1","50357816_
                               ___               ___               ___               ___              ___               ___
___                                                                                                                                 
___                                                                                                                                 
___                                                                                                                                 
___                                                                                                                                 
___                                                                                                                                 
___                                                                                                                                 
___                                                                                                                                 
___                                                                                                                                 
                               49                49                49                49               49                49
49                                                                                                                        
49                                                                                                                        
49                                                                                                                        
49                                                                                                                        
49                                                                                                                        
49                                                                                                                        
49                                                                                                                        
49                                                                                                                        
37       ! 10_0_6","50456957_9_0_4","50457187_11_0_1","50457187_11_0_4","50609621_12_4_1","50657042_15_2_8","50657042_17_3_1","50657
37       ! 042_17_3_6","
NOTE: Line generated by the macro variable "DEELLIST".
37         50756448_10_0_4","50756638_11_0_4","50756638_12_0_3","50802431_15_3_3","50853088_12_0_2","50853088_12_0_3","50857452_10_2
                          ___               ___               ___               ___               ___               ___
___                                                                                                                                 
___                                                                                                                                 
___                                                                                                                                 
___                                                                                                                                 
___                                                                                                                                 
___                                                                                                                                 
___                                                                                                                                 
___                                                                                                                                 
                          49                49                49                49                49                49
49                                                                                                                    
49                                                                                                                    
49                                                                                                                    
49                                                                                                                    
49                                                                                                                    
49                                                                                                                    
49                                                                                                                    
49                                                                                                                    
37       ! _1","50857452_10_2_4","50857452_10_2_7","50857452_10_2_8","50903536_15_0_2","50904823_8_0_1","51101733_9_0_1","51101733_9
37       ! _0_4","511020
NOTE: Line generated by the macro variable "DEELLIST".
37         12_11_0_1","51102046_9_0_1","51102244_11_0_4","51103937_11_0_1","51103937_11_0_6","51114231_10_0_1","51114231_10_0_4","51
                    ___              ___               ___               ___               ___               ___               ___
___                                                                                                                                 
___                                                                                                                                 
___                                                                                                                                 
___                                                                                                                                 
___                                                                                                                                 
___                                                                                                                                 
___                                                                                                                                 
                    49               49                49                49                49                49                49
49                                                                                                                               
4                                                          The SAS System                           17:11 Wednesday, August 10, 2016

49                                                                                                                               
49
49
49
49
49
37       ! 114249_10_0_4","51153164_11_0_1","51153677_10_2_1","51153677_10_2_2","51153677_10_2_5","51153776_9_0_3","51158958_13_1_1"
37       ! ,"51158958_13
NOTE: Line generated by the macro variable "DEELLIST".
37         _1_3","51206814_10_0_1","51206814_10_0_3","51213629_10_1_1","51214726_10_0_1","51255522_12_0_1","51255522_12_0_3","512555
               ___               ___               ___               ___               ___               ___               ___
___                                                                                                                                 
___                                                                                                                                 
___                                                                                                                                 
___                                                                                                                                 
___                                                                                                                                 
___                                                                                                                                 
___                                                                                                                                 
___                                                                                                                                 
               49                49                49                49                49                49                49
49                                                                                                                           
49                                                                                                                           
49                                                                                                                           
49                                                                                                                           
49                                                                                                                           
49                                                                                                                           
49                                                                                                                           
49                                                                                                                           
37       ! 22_12_0_5","51257172_10_0_3","51301440_11_1_2","51301440_11_1_7","51350257_9_0_6","51350653_9_0_1","51350653_9_0_3","5135
37       ! 0827_9_0_4","
NOTE: Line generated by the macro variable "DEELLIST".
37         51352922_9_0_1","51450776_13_0_4","51452532_9_0_5","51456352_9_0_4","51456526_10_2_2","51456526_10_2_4","51456633_12_0_1"
                         ___               ___              ___              ___               ___               ___
___                                                                                                                                 
___                                                                                                                                 
___                                                                                                                                 
___                                                                                                                                 
___                                                                                                                                 
___                                                                                                                                 
___                                                                                                                                 
___                                                                                                                                 
                         49                49               49               49                49                49                
49
49
49
49
49
49
49
49
37       ! ,"51500919_10_0_3","51501123_8_0_5","51503228_9_0_2","51512229_13_1_1","51513128_9_0_1","51513128_9_0_5","51513128_9_0_6"
37       ! ,"51513251_8_
NOTE: Line generated by the macro variable "DEELLIST".
37         0_1","51513938_9_1_1","51514720_9_0_1","51551376_14_1_1","51557340_9_0_4","51557431_10_0_4","51557746_8_0_5","51600842_8_
              ___              ___              ___               ___              ___               ___              ___
___                                                                                                                                 
___                                                                                                                                 
___                                                                                                                                 
5                                                          The SAS System                           17:11 Wednesday, August 10, 2016

___                                                                                                                                 
___                                                                                                                                 
___                                                                                                                                 
___                                                                                                                                 
___                                                                                                                                 
              49               49               49                49               49                49               49
49                                                                                                                      
49                                                                                                                      
49                                                                                                                      
49                                                                                                                      
49                                                                                                                      
49                                                                                                                      
49                                                                                                                      
49                                                                                                                      
37       ! 0_4","51607624_13_0_2","51607955_10_0_1","51610528_9_1_1","51611245_8_0_1","51612615_12_2_1","51613738_11_0_4","51613738_
37       ! 11_0_8","5161
NOTE: Line generated by the macro variable "DEELLIST".
37         3738_11_0_9","51614843_8_0_1","51614843_8_0_5","51615156_10_0_1","51653354_12_0_1","51653354_12_0_4","51654667_11_1_1","5
                      ___              ___              ___               ___               ___               ___               ___
___                                                                                                                                 
___                                                                                                                                 
___                                                                                                                                 
___                                                                                                                                 
___                                                                                                                                 
___                                                                                                                                 
___                                                                                                                                 
                      49               49               49                49                49                49                49
49                                                                                                                                
49                                                                                                                                
49                                                                                                                                
49                                                                                                                                
49                                                                                                                                
49                                                                                                                                
49                                                                                                                                
37       ! 1654667_11_1_4","51654740_15_0_3","51654758_13_0_6","51654758_14_0_4","51654758_14_0_8","51657083_9_0_2","51657174_11_3_1
37       ! ","51658768_9
NOTE: Line generated by the macro variable "DEELLIST".
37         _0_3","51658916_9_0_4","51658916_9_0_5","51660044_9_0_1","51700329_9_1_4","51700444_8_0_1","51700626_9_1_5","51700626_9_1
               ___              ___              ___              ___              ___              ___              ___
___                                                                                                                                 
___                                                                                                                                 
___                                                                                                                                 
___                                                                                                                                 
___                                                                                                                                 
___                                                                                                                                 
___                                                                                                                                 
___                                                                                                                                 
               49               49               49               49               49               49               49
49                                                                                                                     
49                                                                                                                     
49                                                                                                                     
49                                                                                                                     
49                                                                                                                     
49                                                                                                                     
49                                                                                                                     
49                                                                                                                     
37       ! _6","51700626_9_2_6","51700759_9_1_1","51701145_9_0_1","51702135_11_1_1","51702135_11_1_3","51702135_11_1_5","51702135_11
37       ! _2_1","517024
6                                                          The SAS System                           17:11 Wednesday, August 10, 2016

NOTE: Line generated by the macro variable "DEELLIST".
37         24_9_1_1","51702432_9_1_1","51702622_9_2_3","51702630_8_0_4","51704256_13_0_1","51704561_8_0_4","51704579_11_0_1","517045
                   ___              ___              ___              ___               ___              ___               ___
___                                                                                                                                 
___                                                                                                                                 
___                                                                                                                                 
___                                                                                                                                 
___                                                                                                                                 
___                                                                                                                                 
___                                                                                                                                 
___                                                                                                                                 
                   49               49               49               49                49               49                49
49                                                                                                                           
49                                                                                                                           
49                                                                                                                           
49                                                                                                                           
49                                                                                                                           
49                                                                                                                           
49                                                                                                                           
49                                                                                                                           
37       ! 79_11_0_4","51750118_8_0_1","51750118_8_0_12","51750118_8_0_6","51750118_8_0_8","51754524_12_0_3","51754540_10_2_3","5175
37       ! 4574_11_0_1",
NOTE: Line generated by the macro variable "DEELLIST".
37         "51754590_12_0_1","51754590_12_0_4","51754590_12_0_5","51754772_11_2_1","51754772_12_2_2","51754772_12_2_7","51754839_10_
                           ___               ___               ___               ___               ___               ___
___                                                                                                                                 
___                                                                                                                                 
___                                                                                                                                 
___                                                                                                                                 
___                                                                                                                                 
___                                                                                                                                 
___                                                                                                                                 
___                                                                                                                                 
                           49                49                49                49                49                49
49                                                                                                                     
49                                                                                                                     
49                                                                                                                     
49                                                                                                                     
49                                                                                                                     
49                                                                                                                     
49                                                                                                                     
49                                                                                                                     
37       ! 0_2","51754839_10_0_4","51754938_12_0_3","51756942_11_0_1","51759144_8_0_1","51759144_8_0_2","51759144_8_0_8","51759144_8
37       ! _0_9","517596
NOTE: Line generated by the macro variable "DEELLIST".
37         23_9_1_1","51759623_9_2_1","51760050_11_0_1","51801325_9_1_4","51801937_9_0_1","51802026_9_0_1","51802117_11_0_1","518025
                   ___              ___               ___              ___              ___              ___               ___
___                                                                                                                                 
___                                                                                                                                 
___                                                                                                                                 
___                                                                                                                                 
___                                                                                                                                 
___                                                                                                                                 
___                                                                                                                                 
___                                                                                                                                 
                   49               49                49               49               49               49                49
49                                                                                                                           
49                                                                                                                           
7                                                          The SAS System                           17:11 Wednesday, August 10, 2016

49                                                                                                                           
49
49
49
49
49
37       ! 55_9_0_1","51803230_10_0_1","51851883_8_0_1","51852831_8_0_5","51852849_9_0_1","51852849_9_0_7","51853227_9_0_1","5185322
37       ! 7_9_0_6","518
NOTE: Line generated by the macro variable "DEELLIST".
37         53730_11_2_1","51853730_11_2_2","51853730_11_2_3","51900531_9_0_1","51900531_9_0_5","51901240_10_0_1","51901240_10_0_4","
                       ___               ___               ___              ___              ___               ___               ___
___                                                                                                                                 
___                                                                                                                                 
___                                                                                                                                 
___                                                                                                                                 
___                                                                                                                                 
___                                                                                                                                 
___                                                                                                                                 
                       49                49                49               49               49                49                49
49                                                                                                                                 
49                                                                                                                                 
49                                                                                                                                 
49                                                                                                                                 
49                                                                                                                                 
49                                                                                                                                 
49                                                                                                                                 
37       ! 51902545_10_0_1","51902545_10_0_5","51902545_9_0_5","51903147_15_2_1","51903733_8_0_3","51905010_11_0_4","51905961_9_0_1"
37       ! ,"51906654_10
NOTE: Line generated by the macro variable "DEELLIST".
37         _0_1","51907347_11_0_2","51914714_9_1_3","51914714_9_1_6","51914714_9_1_7","51914714_9_1_8","51915035_8_0_3","51950346_10
               ___               ___              ___              ___              ___              ___              ___
___                                                                                                                                 
___                                                                                                                                 
___                                                                                                                                 
___                                                                                                                                 
___                                                                                                                                 
___                                                                                                                                 
___                                                                                                                                 
___                                                                                                                                 
               49                49               49               49               49               49               49
49                                                                                                                      
49                                                                                                                      
49                                                                                                                      
49                                                                                                                      
49                                                                                                                      
49                                                                                                                      
49                                                                                                                      
49                                                                                                                      
37       ! _0_1","51950346_10_0_4","51952649_10_0_1","51952665_12_0_1","51952665_12_0_2","51952946_11_0_4","51953225_10_0_1","519532
37       ! 25_10_0_4","5
NOTE: Line generated by the macro variable "DEELLIST".
37         1953233_10_0_1","51953233_10_0_4","51954132_11_0_1","51954132_11_0_3","51954918_9_0_2","51954918_9_0_3","51954934_10_0_2"
                         ___               ___               ___               ___              ___              ___
___                                                                                                                                 
___                                                                                                                                 
___                                                                                                                                 
___                                                                                                                                 
___                                                                                                                                 
8                                                          The SAS System                           17:11 Wednesday, August 10, 2016

___                                                                                                                                 
___                                                                                                                                 
___                                                                                                                                 
                         49                49                49                49               49               49                
49
49
49
49
49
49
49
49
37       ! ,"51954976_12_0_3","51955057_9_0_1","51956584_10_1_1","51956584_10_1_7","51956641_10_2_1","51956641_10_2_11","51956641_10
37       ! _2_6","519566
NOTE: Line generated by the macro variable "DEELLIST".
37         41_10_2_7","51956641_11_2_1","51956659_10_0_1","51956914_11_0_1","51957730_8_0_4","51957839_8_0_1","51958374_9_2_1","5195
                    ___               ___               ___               ___              ___              ___              ___
___                                                                                                                                 
___                                                                                                                                 
___                                                                                                                                 
___                                                                                                                                 
___                                                                                                                                 
___                                                                                                                                 
___                                                                                                                                 
___                                                                                                                                 
                    49                49                49                49               49               49               49
49                                                                                                                             
49                                                                                                                             
49                                                                                                                             
49                                                                                                                             
49                                                                                                                             
49                                                                                                                             
49                                                                                                                             
49                                                                                                                             
37       ! 8853_9_0_1","51958853_9_0_3","51959611_8_0_1","51959728_10_0_1","51959752_8_0_1","51959827_8_0_6","51959926_9_0_3","51959
37       ! 934_9_0_3","5
NOTE: Line generated by the macro variable "DEELLIST".
37         1959968_8_0_1","51960535_9_0_1","51960923_8_0_8","51960931_12_0_1","51960949_9_0_4","51961038_8_0_5","52000629_8_0_7","52
                        ___              ___              ___               ___              ___              ___              ___
___                                                                                                                                 
___                                                                                                                                 
___                                                                                                                                 
___                                                                                                                                 
___                                                                                                                                 
___                                                                                                                                 
___                                                                                                                                 
                        49               49               49                49               49               49               49
49                                                                                                                               
49                                                                                                                               
49                                                                                                                               
49                                                                                                                               
49                                                                                                                               
49                                                                                                                               
49                                                                                                                               
37       ! 000629_9_0_4","52001023_8_0_1","52001453_11_0_1","52001552_9_0_2","52006114_9_0_1","52006114_9_0_6","52008227_10_2_5","52
37       ! 008540_10_0_1
NOTE: Line generated by the macro variable "DEELLIST".
37         ","52008540_9_0_6","52008946_8_0_2","52009431_8_0_1","52009431_8_0_4","52009936_8_0_1","52009944_8_0_1","52010016_8_0_3",
9                                                          The SAS System                           17:11 Wednesday, August 10, 2016

           ___              ___              ___              ___              ___              ___              ___
___                                                                                                                                 
___                                                                                                                                 
___                                                                                                                                 
___                                                                                                                                 
___                                                                                                                                 
___                                                                                                                                 
___                                                                                                                                 
___                                                                                                                                 
           49               49               49               49               49               49               49               49
49                                                                                                                                  
49                                                                                                                                  
49                                                                                                                                  
49                                                                                                                                  
49                                                                                                                                  
49                                                                                                                                  
49                                                                                                                                  
37       ! "52010032_8_0_4","52010058_8_0_1","52010347_9_1_1","52010347_9_1_3","52010462_11_0_1","52010529_9_0_5","52010545_9_0_2","
37       ! 52010628_8_0_
NOTE: Line generated by the macro variable "DEELLIST".
37         2","52010628_8_0_5","52010636_9_1_4","52010660_12_0_2","52010660_12_0_5","52010751_8_0_1","52010834_8_0_2","52010834_8_0_
            ___              ___              ___               ___               ___              ___              ___
___                                                                                                                                 
___                                                                                                                                 
___                                                                                                                                 
___                                                                                                                                 
___                                                                                                                                 
___                                                                                                                                 
___                                                                                                                                 
___                                                                                                                                 
            49               49               49                49                49               49               49
49                                                                                                                    
49                                                                                                                    
49                                                                                                                    
49                                                                                                                    
49                                                                                                                    
49                                                                                                                    
49                                                                                                                    
49                                                                                                                    
37       ! 3","52010834_8_0_5","52010850_8_0_6","52010917_8_0_3","52010925_8_0_3","52012640_11_1_1","52012814_11_1_1","52013044_10_0
37       ! _6","52013242
NOTE: Line generated by the macro variable "DEELLIST".
37         _12_0_5","52013242_12_0_8","52013367_8_0_2","52014331_8_0_1","52014737_8_0_3","52014737_8_0_4","52014828_8_0_1","52050161
                  ___               ___              ___              ___              ___              ___              ___
___                                                                                                                                 
___                                                                                                                                 
___                                                                                                                                 
___                                                                                                                                 
___                                                                                                                                 
___                                                                                                                                 
___                                                                                                                                 
___                                                                                                                                 
                  49                49               49               49               49               49               49
49                                                                                                                         
49                                                                                                                         
49                                                                                                                         
49                                                                                                                         
49                                                                                                                         
10                                                         The SAS System                           17:11 Wednesday, August 10, 2016

49                                                                                                                         
49
49
37       ! _8_0_1","52050187_10_0_2","52050393_13_0_4","52052167_11_0_2","52052167_11_0_3","52052167_11_0_5","52052175_13_1_1","5205
37       ! 2422_10_0_1",
NOTE: Line generated by the macro variable "DEELLIST".
37         "52052430_11_0_1","52052456_10_0_3","52054014_9_0_5","52054064_11_0_1","52054113_9_0_4","52054254_9_0_6","52054262_11_0_3
                           ___               ___              ___               ___              ___              ___
___                                                                                                                                 
___                                                                                                                                 
___                                                                                                                                 
___                                                                                                                                 
___                                                                                                                                 
___                                                                                                                                 
___                                                                                                                                 
___                                                                                                                                 
                           49                49               49                49               49               49                
49
49
49
49
49
49
49
49
37       ! ","52054337_10_1_6","52054337_10_1_7","52055111_11_0_2","52055153_11_2_1","52055153_11_2_4","52055161_11_2_3","52055161_1
37       ! 1_2_4","52055
NOTE: Line generated by the macro variable "DEELLIST".
37         179_11_0_6","52055335_11_0_7","52056680_9_0_4","52056680_9_0_8","52056680_9_0_9","52056698_11_0_3","52056846_10_0_1","520
                     ___               ___              ___              ___              ___               ___               ___
___                                                                                                                                 
___                                                                                                                                 
___                                                                                                                                 
___                                                                                                                                 
___                                                                                                                                 
___                                                                                                                                 
___                                                                                                                                 
                     49                49               49               49               49                49                49
49                                                                                                                              
49                                                                                                                              
49                                                                                                                              
49                                                                                                                              
49                                                                                                                              
49                                                                                                                              
49                                                                                                                              
37       ! 56846_10_0_5","52056911_10_0_1","52056911_10_0_8","52058024_11_0_3","52058173_12_0_1","52058173_12_0_9","52058339_13_0_3"
37       ! ,"52058347_12
NOTE: Line generated by the macro variable "DEELLIST".
37         _0_3","52058941_8_0_2","52059337_9_0_3","52059452_12_0_4","52059452_13_0_1","52059527_8_0_2","52059618_8_0_6","52059741_1
               ___              ___              ___               ___               ___              ___              ___
___                                                                                                                                 
___                                                                                                                                 
___                                                                                                                                 
___                                                                                                                                 
___                                                                                                                                 
___                                                                                                                                 
___                                                                                                                                 
___                                                                                                                                 
11                                                         The SAS System                           17:11 Wednesday, August 10, 2016

               49               49               49                49                49               49               49
49
49
49
49
49
49
49
49
37       ! 2_2_1","52059741_9_0_1","52059741_9_0_7","52059923_8_0_1","52100750_8_0_2","52100940_10_0_4","52100940_10_0_6","52101419_
37       ! 8_0_5","52101
NOTE: Line generated by the macro variable "DEELLIST".
37         419_8_0_7","52101831_9_1_12","52101831_9_1_8","52101857_11_0_1","52101857_11_0_2","52101922_10_0_1","52101930_11_0_8","52
                    ___               ___              ___               ___               ___               ___               ___
___                                                                                                                                 
___                                                                                                                                 
___                                                                                                                                 
___                                                                                                                                 
___                                                                                                                                 
___                                                                                                                                 
___                                                                                                                                 
                    49                49               49                49                49                49                49
49                                                                                                                               
49                                                                                                                               
49                                                                                                                               
49                                                                                                                               
49                                                                                                                               
49                                                                                                                               
49                                                                                                                               
37       ! 101930_11_0_9","52102029_10_0_3","52102029_10_0_6","52102029_10_0_7","52102029_10_0_9","52102053_10_0_1","52102053_10_0_7
37       ! ","52102110_1
NOTE: Line generated by the macro variable "DEELLIST".
37         1_0_1","52102110_11_0_6","52102152_10_0_3","52102152_10_0_5","52102152_10_0_7","52102342_13_1_1","52102342_13_2_1","52102
                ___               ___               ___               ___               ___               ___               ___
___                                                                                                                                 
                49                49                49                49                49                49                49
49                                                                                                                            
37       ! 615_8_0_3","52
DEELLIST=("","42414559_12_0_1","44152157_13_1_1","44152157_13_1_5","44956749_14_0_1","50102047_9_0_1","50314717_12_1_1","50357816_10
_0_6","50456957_9_0_4","50457187_11_0_1","50457187_11_0_4","50609621_12_4_1","50657042_15_2_8","50657042_17_3_1","50657042_17_3_6","
50756448_10_0_4","50756638_11_0_4","50756638_12_0_3","50802431_15_3_3","50853088_12_0_2","50853088_12_0_3","50857452_10_2_1","508574
52_10_2_4","50857452_10_2_7","50857452_10_2_8","50903536_15_0_2","50904823_8_0_1","51101733_9_0_1","51101733_9_0_4","51102012_11_0_1
","51102046_9_0_1","51102244_11_0_4","51103937_11_0_1","51103937_11_0_6","51114231_10_0_1","51114231_10_0_4","51114249_10_0_4","5115
3164_11_0_1","51153677_10_2_1","51153677_10_2_2","51153677_10_2_5","51153776_9_0_3","51158958_13_1_1","51158958_13_1_3","51206814_10
_0_1","51206814_10_0_3","51213629_10_1_1","51214726_10_0_1","51255522_12_0_1","51255522_12_0_3","51255522_12_0_5","51257172_10_0_3",
"51301440_11_1_2","51301440_11_1_7","51350257_9_0_6","51350653_9_0_1","51350653_9_0_3","51350827_9_0_4","51352922_9_0_1","51450776_1
3_0_4","51452532_9_0_5","51456352_9_0_4","51456526_10_2_2","51456526_10_2_4","51456633_12_0_1","51500919_10_0_3","51501123_8_0_5","5
1503228_9_0_2","51512229_13_1_1","51513128_9_0_1","51513128_9_0_5","51513128_9_0_6","51513251_8_0_1","51513938_9_1_1","51514720_9_0_
1","51551376_14_1_1","51557340_9_0_4","51557431_10_0_4","51557746_8_0_5","51600842_8_0_4","51607624_13_0_2","51607955_10_0_1","51610
528_9_1_1","51611245_8_0_1","51612615_12_2_1","51613738_11_0_4","51613738_11_0_8","51613738_11_0_9","51614843_8_0_1","51614843_8_0_5
","51615156_10_0_1","51653354_12_0_1","51653354_12_0_4","51654667_11_1_1","51654667_11_1_4","51654740_15_0_3","51654758_13_0_6","516
54758_14_0_4","51654758_14_0_8","51657083_9_0_2","51657174_11_3_1","51658768_9_0_3","51658916_9_0_4","51658916_9_0_5","51660044_9_0_
1","51700329_9_1_4","51700444_8_0_1","51700626_9_1_5","51700626_9_1_6","51700626_9_2_6","51700759_9_1_1","51701145_9_0_1","51702135_
11_1_1","51702135_11_1_3","51702135_11_1_5","51702135_11_2_1","51702424_9_1_1","51702432_9_1_1","51702622_9_2_3","51702630_8_0_4","5
1704256_13_0_1","51704561_8_0_4","51704579_11_0_1","51704579_11_0_4","51750118_8_0_1","51750118_8_0_12","51750118_8_0_6","51750118_8
_0_8","51754524_12_0_3","51754540_10_2_3","51754574_11_0_1","51754590_12_0_1","51754590_12_0_4","51754590_12_0_5","51754772_11_2_1",
"51754772_12_2_2","51754772_12_2_7","51754839_10_0_2","51754839_10_0_4","51754938_12_0_3","51756942_11_0_1","51759144_8_0_1","517591
44_8_0_2","51759144_8_0_8","51759144_8_0_9","51759623_9_1_1","51759623_9_2_1","51760050_11_0_1","51801325_9_1_4","51801937_9_0_1","5
12                                                         The SAS System                           17:11 Wednesday, August 10, 2016

1802026_9_0_1","51802117_11_0_1","51802555_9_0_1","51803230_10_0_1","51851883_8_0_1","51852831_8_0_5","51852849_9_0_1","51852849_9_0
_7","51853227_9_0_1","51853227_9_0_6","51853730_11_2_1","51853730_11_2_2","51853730_11_2_3","51900531_9_0_1","51900531_9_0_5","51901
240_10_0_1","51901240_10_0_4","51902545_10_0_1","51902545_10_0_5","51902545_9_0_5","51903147_15_2_1","51903733_8_0_3","51905010_11_0
_4","51905961_9_0_1","51906654_10_0_1","51907347_11_0_2","51914714_9_1_3","51914714_9_1_6","51914714_9_1_7","51914714_9_1_8","519150
35_8_0_3","51950346_10_0_1","51950346_10_0_4","51952649_10_0_1","51952665_12_0_1","51952665_12_0_2","51952946_11_0_4","51953225_10_0
_1","51953225_10_0_4","51953233_10_0_1","51953233_10_0_4","51954132_11_0_1","51954132_11_0_3","51954918_9_0_2","51954918_9_0_3","519
54934_10_0_2","51954976_12_0_3","51955057_9_0_1","51956584_10_1_1","51956584_10_1_7","51956641_10_2_1","51956641_10_2_11","51956641_
10_2_6","51956641_10_2_7","51956641_11_2_1","51956659_10_0_1","51956914_11_0_1","51957730_8_0_4","51957839_8_0_1","51958374_9_2_1","
51958853_9_0_1","51958853_9_0_3","51959611_8_0_1","51959728_10_0_1","51959752_8_0_1","51959827_8_0_6","51959926_9_0_3","51959934_9_0
_3","51959968_8_0_1","51960535_9_0_1","51960923_8_0_8","51960931_12_0_1","51960949_9_0_4","51961038_8_0_5","52000629_8_0_7","5200062
9_9_0_4","52001023_8_0_1","52001453_11_0_1","52001552_9_0_2","52006114_9_0_1","52006114_9_0_6","52008227_10_2_5","52008540_10_0_1","
52008540_9_0_6","52008946_8_0_2","52009431_8_0_1","52009431_8_0_4","52009936_8_0_1","52009944_8_0_1","52010016_8_0_3","52010032_8_0_
4","52010058_8_0_1","52010347_9_1_1","52010347_9_1_3","52010462_11_0_1","52010529_9_0_5","52010545_9_0_2","52010628_8_0_2","52010628
_8_0_5","52010636_9_1_4","52010660_12_0_2","52010660_12_0_5","52010751_8_0_1","52010834_8_0_2","52010834_8_0_3","52010834_8_0_5","52
010850_8_0_6","52010917_8_0_3","52010925_8_0_3","52012640_11_1_1","52012814_11_1_1","52013044_10_0_6","52013242_12_0_5","52013242_12
_0_8","52013367_8_0_2","52014331_8_0_1","52014737_8_0_3","52014737_8_0_4","52014828_8_0_1","52050161_8_0_1","52050187_10_0_2","52050
393_13_0_4","52052167_11_0_2","52052167_11_0_3","52052167_11_0_5","52052175_13_1_1","52052422_10_0_1","52052430_11_0_1","52052456_10
_0_3","52054014_9_0_5","52054064_11_0_1","52054113_9_0_4","52054254_9_0_6","52054262_11_0_3","52054337_10_1_6","52054337_10_1_7","52
055111_11_0_2","52055153_11_2_1","52055153_11_2_4","52055161_11_2_3","52055161_11_2_4","52055179_11_0_6","52055335_11_0_7","52056680
_9_0_4","52056680_9_0_8","52056680_9_0_9","52056698_11_0_3","52056846_10_0_1","52056846_10_0_5","52056911_10_0_1","52056911_10_0_8",
"52058024_11_0_3","52058173_12_0_1","52058173_12_0_9","52058339_13_0_3","52058347_12_0_3","52058941_8_0_2","52059337_9_0_3","5205945
2_12_0_4","52059452_13_0_1","52059527_8_0_2","52059618_8_0_6","52059741_12_2_1","52059741_9_0_1","52059741_9_0_7","52059923_8_0_1","
52100750_8_0_2","52100940_10_0_4","52100940_10_0_6","52101419_8_0_5","52101419_8_0_7","52101831_9_1_12","52101831_9_1_8","52101857_1
1_0_1","52101857_11_0_2","52101922_10_0_1","52101930_11_0_8","52101930_11_0_9","52102029_10_0_3","52102029_10_0_6","52102029_10_0_7"
,"52102029_10_0_9","52102053_10_0_1","52102053_10_0_7","52102110_11_0_1","52102110_11_0_6","52102152_10_0_3","52102152_10_0_5","5210
2152_10_0_7","52102342_13_1_1","52102342_13_2_1","52102615_8_0_3","52;data ousaslib.skp1walsplusKeys;	set 
ousaslib.skp1walsplusKeys;	where catx("_", cl_n, put(bew_vn,best.), put(dch_n,best.), put(_deel,best.)) not in 
("","42414559_12_0_1","44152157_13_1_1","44152157_13_1_5","44956749_14_0_1","50102047_9_0_1","50314717_12_1_1","50357816_10_0_6","50
456957_9_0_4","50457187_11_0_1","50457187_11_0_4","50609621_12_4_1","50657042_15_2_8","50657042_17_3_1","50657042_17_3_6","50756448_
10_0_4","50756638_11_0_4","50756638_12_0_3","50802431_15_3_3","50853088_12_0_2","50853088_12_0_3","50857452_10_2_1","50857452_10_2_4
","50857452_10_2_7","50857452_10_2_8","50903536_15_0_2","50904823_8_0_1","51101733_9_0_1","51101733_9_0_4","51102012_11_0_1","511020
46_9_0_1","51102244_11_0_4","51103937_11_0_1","51103937_11_0_6","51114231_10_0_1","51114231_10_0_4","51114249_10_0_4","51153164_11_0
_1","51153677_10_2_1","51153677_10_2_2","51153677_10_2_5","51153776_9_0_3","51158958_13_1_1","51158958_13_1_3","51206814_10_0_1","51
206814_10_0_3","51213629_10_1_1","51214726_10_0_1","51255522_12_0_1","51255522_12_0_3","51255522_12_0_5","51257172_10_0_3","51301440
_11_1_2","51301440_11_1_7","51350257_9_0_6","51350653_9_0_1","51350653_9_0_3","51350827_9_0_4","51352922_9_0_1","51450776_13_0_4","5
1452532_9_0_5","51456352_9_0_4","51456526_10_2_2","51456526_10_2_4","51456633_12_0_1","51500919_10_0_3","51501123_8_0_5","51503228_9
_0_2","51512229_13_1_1","51513128_9_0_1","51513128_9_0_5","51513128_9_0_6","51513251_8_0_1","51513938_9_1_1","51514720_9_0_1","51551
376_14_1_1","51557340_9_0_4","51557431_10_0_4","51557746_8_0_5","51600842_8_0_4","51607624_13_0_2","51607955_10_0_1","51610528_9_1_1
","51611245_8_0_1","51612615_12_2_1","51613738_11_0_4","51613738_11_0_8","51613738_11_0_9","51614843_8_0_1","51614843_8_0_5","516151
56_10_0_1","51653354_12_0_1","51653354_12_0_4","51654667_11_1_1","51654667_11_1_4","51654740_15_0_3","51654758_13_0_6","51654758_14_
0_4","51654758_14_0_8","51657083_9_0_2","51657174_11_3_1","51658768_9_0_3","51658916_9_0_4","51658916_9_0_5","51660044_9_0_1","51700
329_9_1_4","51700444_8_0_1","51700626_9_1_5","51700626_9_1_6","51700626_9_2_6","51700759_9_1_1","51701145_9_0_1","51702135_11_1_1","
51702135_11_1_3","51702135_11_1_5","51702135_11_2_1","51702424_9_1_1","51702432_9_1_1","51702622_9_2_3","51702630_8_0_4","51704256_1
3_0_1","51704561_8_0_4","51704579_11_0_1","51704579_11_0_4","51750118_8_0_1","51750118_8_0_12","51750118_8_0_6","51750118_8_0_8","51
754524_12_0_3","51754540_10_2_3","51754574_11_0_1","51754590_12_0_1","51754590_12_0_4","51754590_12_0_5","51754772_11_2_1","51754772
_12_2_2","51754772_12_2_7","51754839_10_0_2","51754839_10_0_4","51754938_12_0_3","51756942_11_0_1","51759144_8_0_1","51759144_8_0_2"
,"51759144_8_0_8","51759144_8_0_9","51759623_9_1_1","51759623_9_2_1","51760050_11_0_1","51801325_9_1_4","51801937_9_0_1","51802026_9
_0_1","51802117_11_0_1","51802555_9_0_1","51803230_10_0_1","51851883_8_0_1","51852831_8_0_5","51852849_9_0_1","51852849_9_0_7","5185
3227_9_0_1","51853227_9_0_6","51853730_11_2_1","51853730_11_2_2","51853730_11_2_3","51900531_9_0_1","51900531_9_0_5","51901240_10_0_
1","51901240_10_0_4","51902545_10_0_1","51902545_10_0_5","51902545_9_0_5","51903147_15_2_1","51903733_8_0_3","51905010_11_0_4","5190
5961_9_0_1","51906654_10_0_1","51907347_11_0_2","51914714_9_1_3","51914714_9_1_6","51914714_9_1_7","51914714_9_1_8","51915035_8_0_3"
,"51950346_10_0_1","51950346_10_0_4","51952649_10_0_1","51952665_12_0_1","51952665_12_0_2","51952946_11_0_4","51953225_10_0_1","5195
3225_10_0_4","51953233_10_0_1","51953233_10_0_4","51954132_11_0_1","51954132_11_0_3","51954918_9_0_2","51954918_9_0_3","51954934_10_
0_2","51954976_12_0_3","51955057_9_0_1","51956584_10_1_1","51956584_10_1_7","51956641_10_2_1","51956641_10_2_11","51956641_10_2_6","
51956641_10_2_7","51956641_11_2_1","51956659_10_0_1","51956914_11_0_1","51957730_8_0_4","51957839_8_0_1","51958374_9_2_1","51958853_
9_0_1","51958853_9_0_3","51959611_8_0_1","51959728_10_0_1","51959752_8_0_1","51959827_8_0_6","51959926_9_0_3","51959934_9_0_3","5195
9968_8_0_1","51960535_9_0_1","51960923_8_0_8","51960931_12_0_1","51960949_9_0_4","51961038_8_0_5","52000629_8_0_7","52000629_9_0_4",
"52001023_8_0_1","52001453_11_0_1","52001552_9_0_2","52006114_9_0_1","52006114_9_0_6","52008227_10_2_5","52008540_10_0_1","52008540_
13                                                         The SAS System                           17:11 Wednesday, August 10, 2016

9_0_6","52008946_8_0_2","52009431_8_0_1","52009431_8_0_4","52009936_8_0_1","52009944_8_0_1","52010016_8_0_3","52010032_8_0_4","52010
058_8_0_1","52010347_9_1_1","52010347_9_1_3","52010462_11_0_1","52010529_9_0_5","52010545_9_0_2","52010628_8_0_2","52010628_8_0_5","
52010636_9_1_4","52010660_12_0_2","52010660_12_0_5","52010751_8_0_1","52010834_8_0_2","52010834_8_0_3","52010834_8_0_5","52010850_8_
0_6","52010917_8_0_3","52010925_8_0_3","52012640_11_1_1","52012814_11_1_1","52013044_10_0_6","52013242_12_0_5","52013242_12_0_8","52
013367_8_0_2","52014331_8_0_1","52014737_8_0_3","52014737_8_0_4","52014828_8_0_1","52050161_8_0_1","52050187_10_0_2","52050393_13_0_
4","52052167_11_0_2","52052167_11_0_3","52052167_11_0_5","52052175_13_1_1","52052422_10_0_1","52052430_11_0_1","52052456_10_0_3","52
054014_9_0_5","52054064_11_0_1","52054113_9_0_4","52054254_9_0_6","52054262_11_0_3","52054337_10_1_6","52054337_10_1_7","52055111_11
_0_2","52055153_11_2_1","52055153_11_2_4","52055161_11_2_3","52055161_11_2_4","52055179_11_0_6","52055335_11_0_7","52056680_9_0_4","
52056680_9_0_8","52056680_9_0_9","52056698_11_0_3","52056846_10_0_1","52056846_10_0_5","52056911_10_0_1","52056911_10_0_8","52058024
_11_0_3","52058173_12_0_1","52058173_12_0_9","52058339_13_0_3","52058347_12_0_3","52058941_8_0_2","52059337_9_0_3","52059452_12_0_4"
,"52059452_13_0_1","52059527_8_0_2","52059618_8_0_6","52059741_12_2_1","52059741_9_0_1","52059741_9_0_7","52059923_8_0_1","52100750_
8_0_2","52100940_10_0_4","52100940_10_0_6","52101419_8_0_5","52101419_8_0_7","52101831_9_1_12","52101831_9_1_8","52101857_11_0_1","5
2101857_11_0_2","52101922_10_0_1","52101930_11_0_8","52101930_11_0_9","52102029_10_0_3","52102029_10_0_6","52102029_10_0_7","5210202
9_10_0_9","52102053_10_0_1","52102053_10_0_7","52102110_11_0_1","52102110_11_0_6","52102152_10_0_3","52102152_10_0_5","52102152_10_0
_7","52102342_13_1_1","52102342_13_2_1","52102615_8_0_3","52
NOTE 49-169: The meaning of an identifier after a quoted string might change in a future SAS release.  Inserting white space 
             between a quoted string and the succeeding identifier is recommended.

38         run;
39         
40         /* end of program */

NOTE: SAS Institute Inc., SAS Campus Drive, Cary, NC USA 27513-2414
NOTE: The SAS System used:
      real time           5.07 seconds
      cpu time            6.26 seconds
      
