1                                                          The SAS System                             12:10 Tuesday, August 23, 2016

NOTE: Copyright (c) 2002-2012 by SAS Institute Inc., Cary, NC, USA. 
NOTE: SAS (r) Proprietary Software 9.4 (TS1M3 MBCS3170) 
      Licensed to Van der Vorst Arnaud-E33271, Site 70068118.
NOTE: This session is executing on the Linux 3.10.0-327.22.2.el7.x86_64 (LIN X64) platform.



NOTE: Updated analytical products:
      
      SAS/STAT 14.1
      SAS/ETS 14.1
      SAS/OR 14.1
      SAS/IML 14.1
      SAS/QC 14.1

NOTE: Additional host information:

 Linux LIN X64 3.10.0-327.22.2.el7.x86_64 #1 SMP Thu Jun 23 17:05:11 UTC 2016 x86_64 CentOS Linux release 7.2.1511 (Core)  

You are running SAS 9. Some SAS 8 files will be automatically converted 
by the V9 engine; others are incompatible.  Please see 
http://support.sas.com/rnd/migration/planning/platform/64bit.html

PROC MIGRATE will preserve current SAS file attributes and is 
recommended for converting all your SAS libraries from any 
SAS 8 release to SAS 9.  For details and examples, please see
http://support.sas.com/rnd/migration/index.html


This message is contained in the SAS news file, and is presented upon
initialization.  Edit the file "news" in the "misc/base" directory to
display site-specific news and information in the program log.
The command line option "-nonews" will prevent this display.




NOTE: SAS initialization used:
      real time           0.02 seconds
      cpu time            0.03 seconds
      
1          libname ousaslib "/tmp/v94/";
NOTE: Libref OUSASLIB was successfully assigned as follows: 
      Engine:        V9 
      Physical Name: /tmp/v94
2          
3          %let inputdswconstcols=ousaslib.skp1pluscrm3plusKeys;
4          
5          /* numeric */
6          ods output summary=work.summ;
7          proc means data=&inputdswconstcols. std;
8          	var _numeric_;
9          run;

NOTE: The data set WORK.SUMM has 1 observations and 4680 variables.
NOTE: There were 20606 observations read from the data set OUSASLIB.SKP1PLUSCRM3PLUSKEYS.
NOTE: The PROCEDURE MEANS printed pages 1-30.
NOTE: PROCEDURE MEANS used (Total process time):
2                                                          The SAS System                             12:10 Tuesday, August 23, 2016

      real time           0.58 seconds
      cpu time            1.57 seconds
      

10         data _null_;
11         	set work.summ;
12         	length _vars $6000;
13         	array _n _numeric_ _dumn;
14         	do i = 1 to dim(_n)-1;
15         		if (substr(vname(_n{i}), length(vname(_n{i}))-6, 7) = "_StdDev" and _n{i}=0)
16         		then do;
17         			_vars = catx(" ", _vars, substr(vname(_n{i}), 1, length(vname(_n{i}))-7));
18         		end;
19         	end;
20         	call symputx("droplist_n", _vars);
21         run;

NOTE: There were 1 observations read from the data set WORK.SUMM.
NOTE: DATA statement used (Total process time):
      real time           0.02 seconds
      cpu time            0.03 seconds
      

22         
23         %put &=droplist_n.;
DROPLIST_N=SKP1_d432 SKP1_d528 SKP1_d529 SKP1_d530 SKP1_d531 SKP1_d532 SKP1_d533 tBolvorm tTijdAfwerkenUUMMSS bTijdAfwerkenUUMMSS 
SKP1_d305 SKP1_d306 SKP1_d308 SKP1_d320 SKP1_d340 SKP1_d347 SKP1_d348 SKP1_d351 SKP1_d352 SKP1_d353 SKP1_d360 SKP1_d361 SKP1_d364 
SKP1_d365 SKP1_d366 SKP1_d374 SKP1_d379 SKP1_d380 SKP1_d382 SKP1_d399 SKP1_d406 SKP1_d409 SKP1_d410 SKP1_d411 SKP1_d412 SKP1_d413 
SKP1_d414 SKP1_d419 SKP1_d420 SKP1_d422 SKP1_d430 SKP1_d431 SKP1_d453 SKP1_d454 SKP1_d457 SKP1_d503 SKP1_d504 SKP1_d505 SKP1_d506 
SKP1_d507 SKP1_d508 SKP1_d509 SKP1_d518 _pol_Stddev CRM3_d003 CRM3_d244 CRM3_d261 CRM3_d274 CRM3_d380 CRM3_d381 CRM3_d382 CRM3_d384 
CRM3_d385 CRM3_d388 i
24         
25         /* character */
26         data &inputdswconstcols.;
27         	set &inputdswconstcols.;
28         	_dumc = '_dumc';
29         run;

NOTE: There were 20606 observations read from the data set OUSASLIB.SKP1PLUSCRM3PLUSKEYS.
NOTE: The data set OUSASLIB.SKP1PLUSCRM3PLUSKEYS has 20606 observations and 1587 variables.
NOTE: DATA statement used (Total process time):
      real time           0.56 seconds
      cpu time            0.56 seconds
      

30         
31         ods output nlevels=work.nlevels;
32         proc freq data=&inputdswconstcols. nlevels;
33         	tables _character_ _dumc / noprint;
34         run;

NOTE: The data set WORK.NLEVELS has 27 observations and 5 variables.
NOTE: There were 20606 observations read from the data set OUSASLIB.SKP1PLUSCRM3PLUSKEYS.
NOTE: The PROCEDURE FREQ printed page 31.
NOTE: PROCEDURE FREQ used (Total process time):
      real time           0.32 seconds
      cpu time            0.32 seconds
      
3                                                          The SAS System                             12:10 Tuesday, August 23, 2016


35         
36         data _null_;
37         	set work.nlevels end=last;
38         	length _vars $6000;
39         	retain _vars;
40         	if not (NLevels > 1) then _vars = catx(" ", _vars, TableVar);
41         	if last then call symputx("droplist_c", _vars);
42         run;

NOTE: There were 27 observations read from the data set WORK.NLEVELS.
NOTE: DATA statement used (Total process time):
      real time           0.00 seconds
      cpu time            0.00 seconds
      

43         
44         %put &=droplist_c.;
DROPLIST_C=_dumc
45         
46         proc datasets library=work nolist;
47         	delete summ nlevels	/ memtype=data; run;

NOTE: Deleting WORK.SUMM (memtype=DATA).
NOTE: Deleting WORK.NLEVELS (memtype=DATA).
48         quit;

NOTE: PROCEDURE DATASETS used (Total process time):
      real time           0.00 seconds
      cpu time            0.01 seconds
      

49         
50         data &inputdswconstcols.;
51         	_dummy = 0; /* In case the drop list is empty */
52         	set &inputdswconstcols.;
53         	drop &droplist_n &droplist_c _dummy;
54         run;

NOTE: There were 20606 observations read from the data set OUSASLIB.SKP1PLUSCRM3PLUSKEYS.
NOTE: The data set OUSASLIB.SKP1PLUSCRM3PLUSKEYS has 20606 observations and 1521 variables.
NOTE: DATA statement used (Total process time):
      real time           0.54 seconds
      cpu time            0.54 seconds
      

55         
56         /* end of program */

NOTE: SAS Institute Inc., SAS Campus Drive, Cary, NC USA 27513-2414
NOTE: The SAS System used:
      real time           2.13 seconds
      cpu time            3.13 seconds
      
